<?xml version="1.0" encoding="UTF-8"?>
<coverage generated="1734539075919" clover="3.2.0">
  <project timestamp="1734539075919" name="All files">
    <metrics statements="180" coveredstatements="143" conditionals="22" coveredconditionals="15" methods="49" coveredmethods="28" elements="251" coveredelements="186" complexity="0" loc="180" ncloc="180" packages="17" files="20" classes="20"/>
    <package name="src">
      <metrics statements="2" coveredstatements="0" conditionals="0" coveredconditionals="0" methods="1" coveredmethods="0"/>
      <file name="App.tsx" path="/Users/MM7V26R293/Documents/Personal Project/nft/vite-config/src/App.tsx">
        <metrics statements="1" coveredstatements="0" conditionals="0" coveredconditionals="0" methods="1" coveredmethods="0"/>
        <line num="4" count="0" type="stmt"/>
      </file>
      <file name="main.tsx" path="/Users/MM7V26R293/Documents/Personal Project/nft/vite-config/src/main.tsx">
        <metrics statements="1" coveredstatements="0" conditionals="0" coveredconditionals="0" methods="0" coveredmethods="0"/>
        <line num="8" count="0" type="stmt"/>
      </file>
    </package>
    <package name="src.components.atoms.AuthorStatusSvg">
      <metrics statements="5" coveredstatements="5" conditionals="0" coveredconditionals="0" methods="1" coveredmethods="1"/>
      <file name="AuthorStatusSvg.tsx" path="/Users/MM7V26R293/Documents/Personal Project/nft/vite-config/src/components/atoms/AuthorStatusSvg/AuthorStatusSvg.tsx">
        <metrics statements="5" coveredstatements="5" conditionals="0" coveredconditionals="0" methods="1" coveredmethods="1"/>
        <line num="3" count="3" type="stmt"/>
        <line num="4" count="9" type="stmt"/>
        <line num="11" count="9" type="stmt"/>
        <line num="12" count="9" type="stmt"/>
        <line num="39" count="9" type="stmt"/>
      </file>
    </package>
    <package name="src.components.atoms.Button">
      <metrics statements="9" coveredstatements="9" conditionals="4" coveredconditionals="4" methods="1" coveredmethods="1"/>
      <file name="index.tsx" path="/Users/MM7V26R293/Documents/Personal Project/nft/vite-config/src/components/atoms/Button/index.tsx">
        <metrics statements="9" coveredstatements="9" conditionals="4" coveredconditionals="4" methods="1" coveredmethods="1"/>
        <line num="1" count="3" type="stmt"/>
        <line num="2" count="3" type="stmt"/>
        <line num="3" count="3" type="stmt"/>
        <line num="4" count="3" type="stmt"/>
        <line num="7" count="3" type="stmt"/>
        <line num="16" count="3" type="stmt"/>
        <line num="17" count="26" type="stmt"/>
        <line num="19" count="26" type="stmt"/>
        <line num="26" count="26" type="stmt"/>
      </file>
    </package>
    <package name="src.components.layouts.MainLayout">
      <metrics statements="3" coveredstatements="0" conditionals="0" coveredconditionals="0" methods="1" coveredmethods="0"/>
      <file name="index.tsx" path="/Users/MM7V26R293/Documents/Personal Project/nft/vite-config/src/components/layouts/MainLayout/index.tsx">
        <metrics statements="3" coveredstatements="0" conditionals="0" coveredconditionals="0" methods="1" coveredmethods="0"/>
        <line num="9" count="0" type="stmt"/>
        <line num="11" count="0" type="stmt"/>
        <line num="12" count="0" type="stmt"/>
      </file>
    </package>
    <package name="src.components.molecules.CoverImage">
      <metrics statements="4" coveredstatements="4" conditionals="0" coveredconditionals="0" methods="1" coveredmethods="1"/>
      <file name="index.tsx" path="/Users/MM7V26R293/Documents/Personal Project/nft/vite-config/src/components/molecules/CoverImage/index.tsx">
        <metrics statements="4" coveredstatements="4" conditionals="0" coveredconditionals="0" methods="1" coveredmethods="1"/>
        <line num="1" count="1" type="stmt"/>
        <line num="2" count="1" type="stmt"/>
        <line num="4" count="1" type="stmt"/>
        <line num="12" count="6" type="stmt"/>
      </file>
    </package>
    <package name="src.components.molecules.Footer">
      <metrics statements="3" coveredstatements="0" conditionals="0" coveredconditionals="0" methods="1" coveredmethods="0"/>
      <file name="index.tsx" path="/Users/MM7V26R293/Documents/Personal Project/nft/vite-config/src/components/molecules/Footer/index.tsx">
        <metrics statements="3" coveredstatements="0" conditionals="0" coveredconditionals="0" methods="1" coveredmethods="0"/>
        <line num="6" count="0" type="stmt"/>
        <line num="8" count="0" type="stmt"/>
        <line num="9" count="0" type="stmt"/>
      </file>
    </package>
    <package name="src.components.molecules.FormFilter">
      <metrics statements="16" coveredstatements="15" conditionals="0" coveredconditionals="0" methods="4" coveredmethods="3"/>
      <file name="index.tsx" path="/Users/MM7V26R293/Documents/Personal Project/nft/vite-config/src/components/molecules/FormFilter/index.tsx">
        <metrics statements="16" coveredstatements="15" conditionals="0" coveredconditionals="0" methods="4" coveredmethods="3"/>
        <line num="1" count="2" type="stmt"/>
        <line num="3" count="2" type="stmt"/>
        <line num="4" count="2" type="stmt"/>
        <line num="6" count="2" type="stmt"/>
        <line num="7" count="2" type="stmt"/>
        <line num="9" count="2" type="stmt"/>
        <line num="18" count="2" type="stmt"/>
        <line num="31" count="2" type="stmt"/>
        <line num="32" count="9" type="stmt"/>
        <line num="33" count="2" type="stmt"/>
        <line num="36" count="9" type="stmt"/>
        <line num="37" count="1" type="stmt"/>
        <line num="38" count="1" type="stmt"/>
        <line num="41" count="9" type="stmt"/>
        <line num="69" count="0" type="stmt"/>
        <line num="120" count="9" type="stmt"/>
      </file>
    </package>
    <package name="src.components.molecules.Header">
      <metrics statements="10" coveredstatements="0" conditionals="2" coveredconditionals="0" methods="5" coveredmethods="0"/>
      <file name="index.tsx" path="/Users/MM7V26R293/Documents/Personal Project/nft/vite-config/src/components/molecules/Header/index.tsx">
        <metrics statements="10" coveredstatements="0" conditionals="2" coveredconditionals="0" methods="5" coveredmethods="0"/>
        <line num="11" count="0" type="stmt"/>
        <line num="20" count="0" type="stmt"/>
        <line num="26" count="0" type="stmt"/>
        <line num="27" count="0" type="stmt"/>
        <line num="29" count="0" type="stmt"/>
        <line num="32" count="0" type="stmt"/>
        <line num="41" count="0" type="stmt"/>
        <line num="42" count="0" type="stmt"/>
        <line num="43" count="0" type="stmt"/>
        <line num="44" count="0" type="stmt"/>
      </file>
    </package>
    <package name="src.components.molecules.ProductCard">
      <metrics statements="7" coveredstatements="7" conditionals="0" coveredconditionals="0" methods="1" coveredmethods="1"/>
      <file name="index.tsx" path="/Users/MM7V26R293/Documents/Personal Project/nft/vite-config/src/components/molecules/ProductCard/index.tsx">
        <metrics statements="7" coveredstatements="7" conditionals="0" coveredconditionals="0" methods="1" coveredmethods="1"/>
        <line num="1" count="3" type="stmt"/>
        <line num="2" count="3" type="stmt"/>
        <line num="4" count="3" type="stmt"/>
        <line num="5" count="3" type="stmt"/>
        <line num="7" count="3" type="stmt"/>
        <line num="37" count="3" type="stmt"/>
        <line num="87" count="9" type="stmt"/>
      </file>
    </package>
    <package name="src.components.molecules.ProductCategory">
      <metrics statements="10" coveredstatements="10" conditionals="0" coveredconditionals="0" methods="3" coveredmethods="3"/>
      <file name="index.tsx" path="/Users/MM7V26R293/Documents/Personal Project/nft/vite-config/src/components/molecules/ProductCategory/index.tsx">
        <metrics statements="10" coveredstatements="10" conditionals="0" coveredconditionals="0" methods="3" coveredmethods="3"/>
        <line num="1" count="2" type="stmt"/>
        <line num="3" count="2" type="stmt"/>
        <line num="4" count="2" type="stmt"/>
        <line num="5" count="2" type="stmt"/>
        <line num="6" count="2" type="stmt"/>
        <line num="7" count="2" type="stmt"/>
        <line num="13" count="2" type="stmt"/>
        <line num="19" count="1" type="stmt"/>
        <line num="22" count="80" type="stmt"/>
        <line num="44" count="8" type="stmt"/>
      </file>
    </package>
    <package name="src.components.molecules.ProductList">
      <metrics statements="10" coveredstatements="10" conditionals="7" coveredconditionals="7" methods="2" coveredmethods="2"/>
      <file name="index.tsx" path="/Users/MM7V26R293/Documents/Personal Project/nft/vite-config/src/components/molecules/ProductList/index.tsx">
        <metrics statements="10" coveredstatements="10" conditionals="7" coveredconditionals="7" methods="2" coveredmethods="2"/>
        <line num="1" count="2" type="stmt"/>
        <line num="2" count="2" type="stmt"/>
        <line num="4" count="2" type="stmt"/>
        <line num="5" count="2" type="stmt"/>
        <line num="7" count="2" type="stmt"/>
        <line num="8" count="2" type="stmt"/>
        <line num="17" count="2" type="stmt"/>
        <line num="18" count="10" type="stmt"/>
        <line num="20" count="10" type="stmt"/>
        <line num="62" count="10" type="stmt"/>
      </file>
    </package>
    <package name="src.components.pages.Marketplace">
      <metrics statements="11" coveredstatements="11" conditionals="0" coveredconditionals="0" methods="1" coveredmethods="1"/>
      <file name="index.tsx" path="/Users/MM7V26R293/Documents/Personal Project/nft/vite-config/src/components/pages/Marketplace/index.tsx">
        <metrics statements="11" coveredstatements="11" conditionals="0" coveredconditionals="0" methods="1" coveredmethods="1"/>
        <line num="1" count="1" type="stmt"/>
        <line num="2" count="1" type="stmt"/>
        <line num="3" count="1" type="stmt"/>
        <line num="4" count="1" type="stmt"/>
        <line num="5" count="1" type="stmt"/>
        <line num="6" count="1" type="stmt"/>
        <line num="7" count="1" type="stmt"/>
        <line num="10" count="1" type="stmt"/>
        <line num="11" count="6" type="stmt"/>
        <line num="12" count="6" type="stmt"/>
        <line num="33" count="6" type="stmt"/>
      </file>
    </package>
    <package name="src.components.pages.Marketplace.hooks">
      <metrics statements="55" coveredstatements="51" conditionals="6" coveredconditionals="4" methods="14" coveredmethods="14"/>
      <file name="useActions.ts" path="/Users/MM7V26R293/Documents/Personal Project/nft/vite-config/src/components/pages/Marketplace/hooks/useActions.ts">
        <metrics statements="55" coveredstatements="51" conditionals="6" coveredconditionals="4" methods="14" coveredmethods="14"/>
        <line num="2" count="2" type="stmt"/>
        <line num="4" count="2" type="stmt"/>
        <line num="6" count="2" type="stmt"/>
        <line num="25" count="2" type="stmt"/>
        <line num="26" count="13" type="cond" truecount="4" falsecount="2"/>
        <line num="28" count="1" type="stmt"/>
        <line num="33" count="6" type="stmt"/>
        <line num="35" count="2" type="stmt"/>
        <line num="37" count="0" type="stmt"/>
        <line num="42" count="4" type="stmt"/>
        <line num="47" count="0" type="stmt"/>
        <line num="51" count="2" type="stmt"/>
        <line num="52" count="10" type="stmt"/>
        <line num="53" count="10" type="stmt"/>
        <line num="54" count="10" type="stmt"/>
        <line num="56" count="10" type="stmt"/>
        <line num="57" count="10" type="stmt"/>
        <line num="58" count="10" type="stmt"/>
        <line num="59" count="10" type="stmt"/>
        <line num="61" count="10" type="stmt"/>
        <line num="62" count="5" type="stmt"/>
        <line num="63" count="5" type="stmt"/>
        <line num="65" count="5" type="stmt"/>
        <line num="75" count="5" type="stmt"/>
        <line num="78" count="10" type="stmt"/>
        <line num="80" count="3" type="stmt"/>
        <line num="81" count="3" type="stmt"/>
        <line num="82" count="3" type="stmt"/>
        <line num="84" count="3" type="stmt"/>
        <line num="85" count="3" type="stmt"/>
        <line num="87" count="0" type="stmt"/>
        <line num="89" count="3" type="stmt"/>
        <line num="95" count="10" type="stmt"/>
        <line num="96" count="1" type="stmt"/>
        <line num="97" count="1" type="stmt"/>
        <line num="98" count="1" type="stmt"/>
        <line num="99" count="1" type="stmt"/>
        <line num="100" count="1" type="stmt"/>
        <line num="102" count="1" type="stmt"/>
        <line num="104" count="0" type="stmt"/>
        <line num="106" count="1" type="stmt"/>
        <line num="110" count="10" type="stmt"/>
        <line num="111" count="10" type="stmt"/>
        <line num="114" count="10" type="stmt"/>
        <line num="115" count="3" type="stmt"/>
        <line num="116" count="1" type="stmt"/>
        <line num="117" count="1" type="stmt"/>
        <line num="118" count="1" type="stmt"/>
        <line num="120" count="1" type="stmt"/>
        <line num="121" count="1" type="stmt"/>
        <line num="124" count="3" type="stmt"/>
        <line num="127" count="10" type="stmt"/>
        <line num="128" count="3" type="stmt"/>
        <line num="131" count="10" type="stmt"/>
        <line num="134" count="11" type="stmt"/>
      </file>
    </package>
    <package name="src.constants">
      <metrics statements="5" coveredstatements="5" conditionals="0" coveredconditionals="0" methods="0" coveredmethods="0"/>
      <file name="index.ts" path="/Users/MM7V26R293/Documents/Personal Project/nft/vite-config/src/constants/index.ts">
        <metrics statements="5" coveredstatements="5" conditionals="0" coveredconditionals="0" methods="0" coveredmethods="0"/>
        <line num="3" count="20" type="stmt"/>
        <line num="16" count="9" type="stmt"/>
        <line num="24" count="9" type="stmt"/>
        <line num="31" count="9" type="stmt"/>
        <line num="36" count="9" type="stmt"/>
      </file>
    </package>
    <package name="src.routes">
      <metrics statements="6" coveredstatements="0" conditionals="1" coveredconditionals="0" methods="5" coveredmethods="0"/>
      <file name="RoutesConfig.tsx" path="/Users/MM7V26R293/Documents/Personal Project/nft/vite-config/src/routes/RoutesConfig.tsx">
        <metrics statements="3" coveredstatements="0" conditionals="0" coveredconditionals="0" methods="2" coveredmethods="0"/>
        <line num="3" count="0" type="stmt"/>
        <line num="4" count="0" type="stmt"/>
        <line num="13" count="0" type="stmt"/>
      </file>
      <file name="index.tsx" path="/Users/MM7V26R293/Documents/Personal Project/nft/vite-config/src/routes/index.tsx">
        <metrics statements="3" coveredstatements="0" conditionals="1" coveredconditionals="0" methods="3" coveredmethods="0"/>
        <line num="7" count="0" type="stmt"/>
        <line num="11" count="0" type="cond" truecount="0" falsecount="1"/>
        <line num="13" count="0" type="stmt"/>
      </file>
    </package>
    <package name="src.services">
      <metrics statements="19" coveredstatements="11" conditionals="2" coveredconditionals="0" methods="7" coveredmethods="0"/>
      <file name="httpClient.ts" path="/Users/MM7V26R293/Documents/Personal Project/nft/vite-config/src/services/httpClient.ts">
        <metrics statements="14" coveredstatements="7" conditionals="2" coveredconditionals="0" methods="6" coveredmethods="0"/>
        <line num="1" count="2" type="stmt"/>
        <line num="3" count="2" type="stmt"/>
        <line num="5" count="2" type="stmt"/>
        <line num="7" count="2" type="stmt"/>
        <line num="10" count="0" type="stmt"/>
        <line num="12" count="0" type="cond" truecount="0" falsecount="2"/>
        <line num="16" count="0" type="stmt"/>
        <line num="20" count="2" type="stmt"/>
        <line num="22" count="0" type="stmt"/>
        <line num="25" count="0" type="stmt"/>
        <line num="29" count="2" type="stmt"/>
        <line num="31" count="0" type="stmt"/>
        <line num="34" count="0" type="stmt"/>
        <line num="38" count="2" type="stmt"/>
      </file>
      <file name="marketplace.service.ts" path="/Users/MM7V26R293/Documents/Personal Project/nft/vite-config/src/services/marketplace.service.ts">
        <metrics statements="5" coveredstatements="4" conditionals="0" coveredconditionals="0" methods="1" coveredmethods="0"/>
        <line num="1" count="2" type="stmt"/>
        <line num="4" count="2" type="stmt"/>
        <line num="8" count="2" type="stmt"/>
        <line num="10" count="0" type="stmt"/>
        <line num="14" count="2" type="stmt"/>
      </file>
    </package>
    <package name="src.utils">
      <metrics statements="5" coveredstatements="5" conditionals="0" coveredconditionals="0" methods="1" coveredmethods="1"/>
      <file name="test-utils.tsx" path="/Users/MM7V26R293/Documents/Personal Project/nft/vite-config/src/utils/test-utils.tsx">
        <metrics statements="5" coveredstatements="5" conditionals="0" coveredconditionals="0" methods="1" coveredmethods="1"/>
        <line num="1" count="6" type="stmt"/>
        <line num="6" count="16" type="stmt"/>
        <line num="11" count="21" type="stmt"/>
        <line num="33" count="6" type="stmt"/>
        <line num="56" count="16" type="stmt"/>
      </file>
    </package>
  </project>
</coverage>
