{"/Users/MM7V26R293/Documents/Personal Project/nft/vite-config/src/App.tsx": {"path":"/Users/MM7V26R293/Documents/Personal Project/nft/vite-config/src/App.tsx","statementMap":{"0":{"start":{"line":4,"column":2},"end":{"line":4,"column":null}}},"fnMap":{"0":{"name":"App","decl":{"start":{"line":3,"column":9},"end":{"line":3,"column":null}},"loc":{"start":{"line":3,"column":9},"end":{"line":5,"column":null}}}},"branchMap":{},"s":{"0":0},"f":{"0":0},"b":{}}
,"/Users/MM7V26R293/Documents/Personal Project/nft/vite-config/src/main.tsx": {"path":"/Users/MM7V26R293/Documents/Personal Project/nft/vite-config/src/main.tsx","statementMap":{"0":{"start":{"line":8,"column":0},"end":{"line":11,"column":null}}},"fnMap":{},"branchMap":{},"s":{"0":0},"f":{},"b":{}}
,"/Users/MM7V26R293/Documents/Personal Project/nft/vite-config/src/components/atoms/AuthorStatusSvg/AuthorStatusSvg.tsx": {"path":"/Users/MM7V26R293/Documents/Personal Project/nft/vite-config/src/components/atoms/AuthorStatusSvg/AuthorStatusSvg.tsx","statementMap":{"0":{"start":{"line":39,"column":0},"end":{"line":39,"column":15}},"1":{"start":{"line":3,"column":24},"end":{"line":37,"column":null}},"2":{"start":{"line":4,"column":32},"end":{"line":9,"column":null}},"3":{"start":{"line":11,"column":25},"end":{"line":11,"column":54}},"4":{"start":{"line":12,"column":21},"end":{"line":12,"column":45}},"5":{"start":{"line":39,"column":15},"end":{"line":39,"column":null}}},"fnMap":{"0":{"name":"(anonymous_1)","decl":{"start":{"line":3,"column":24},"end":{"line":3,"column":25}},"loc":{"start":{"line":3,"column":61},"end":{"line":37,"column":null}}}},"branchMap":{},"s":{"0":9,"1":3,"2":9,"3":9,"4":9,"5":3},"f":{"0":9},"b":{}}
,"/Users/MM7V26R293/Documents/Personal Project/nft/vite-config/src/components/atoms/Button/index.tsx": {"path":"/Users/MM7V26R293/Documents/Personal Project/nft/vite-config/src/components/atoms/Button/index.tsx","statementMap":{"0":{"start":{"line":26,"column":0},"end":{"line":26,"column":15}},"1":{"start":{"line":1,"column":32},"end":{"line":1,"column":null}},"2":{"start":{"line":2,"column":63},"end":{"line":2,"column":null}},"3":{"start":{"line":3,"column":23},"end":{"line":3,"column":null}},"4":{"start":{"line":4,"column":25},"end":{"line":4,"column":null}},"5":{"start":{"line":7,"column":41},"end":{"line":10,"column":null}},"6":{"start":{"line":16,"column":15},"end":{"line":24,"column":null}},"7":{"start":{"line":17,"column":64},"end":{"line":17,"column":null}},"8":{"start":{"line":19,"column":2},"end":{"line":21,"column":null}},"9":{"start":{"line":26,"column":15},"end":{"line":26,"column":null}}},"fnMap":{"0":{"name":"(anonymous_2)","decl":{"start":{"line":16,"column":15},"end":{"line":16,"column":16}},"loc":{"start":{"line":16,"column":36},"end":{"line":24,"column":null}}}},"branchMap":{"0":{"loc":{"start":{"line":20,"column":68},"end":{"line":20,"column":80}},"type":"binary-expr","locations":[{"start":{"line":20,"column":68},"end":{"line":20,"column":77}},{"start":{"line":20,"column":77},"end":{"line":20,"column":80}}]},"1":{"loc":{"start":{"line":21,"column":7},"end":{"line":21,"column":null}},"type":"binary-expr","locations":[{"start":{"line":21,"column":7},"end":{"line":21,"column":19}},{"start":{"line":21,"column":19},"end":{"line":21,"column":null}}]}},"s":{"0":26,"1":3,"2":3,"3":3,"4":3,"5":3,"6":3,"7":26,"8":26,"9":3},"f":{"0":26},"b":{"0":[26,9],"1":[26,26]}}
,"/Users/MM7V26R293/Documents/Personal Project/nft/vite-config/src/components/layouts/MainLayout/index.tsx": {"path":"/Users/MM7V26R293/Documents/Personal Project/nft/vite-config/src/components/layouts/MainLayout/index.tsx","statementMap":{"0":{"start":{"line":9,"column":20},"end":{"line":9,"column":null}},"1":{"start":{"line":11,"column":29},"end":{"line":22,"column":null}},"2":{"start":{"line":12,"column":2},"end":{"line":19,"column":null}}},"fnMap":{"0":{"name":"(anonymous_0)","decl":{"start":{"line":11,"column":29},"end":{"line":11,"column":null}},"loc":{"start":{"line":11,"column":29},"end":{"line":22,"column":null}}}},"branchMap":{},"s":{"0":0,"1":0,"2":0},"f":{"0":0},"b":{}}
,"/Users/MM7V26R293/Documents/Personal Project/nft/vite-config/src/components/molecules/CoverImage/index.tsx": {"path":"/Users/MM7V26R293/Documents/Personal Project/nft/vite-config/src/components/molecules/CoverImage/index.tsx","statementMap":{"0":{"start":{"line":12,"column":0},"end":{"line":12,"column":15}},"1":{"start":{"line":1,"column":29},"end":{"line":1,"column":null}},"2":{"start":{"line":2,"column":23},"end":{"line":2,"column":null}},"3":{"start":{"line":4,"column":19},"end":{"line":10,"column":null}},"4":{"start":{"line":12,"column":15},"end":{"line":12,"column":null}}},"fnMap":{"0":{"name":"(anonymous_2)","decl":{"start":{"line":4,"column":19},"end":{"line":4,"column":null}},"loc":{"start":{"line":4,"column":19},"end":{"line":10,"column":null}}}},"branchMap":{},"s":{"0":6,"1":1,"2":1,"3":1,"4":1},"f":{"0":6},"b":{}}
,"/Users/MM7V26R293/Documents/Personal Project/nft/vite-config/src/components/molecules/Footer/index.tsx": {"path":"/Users/MM7V26R293/Documents/Personal Project/nft/vite-config/src/components/molecules/Footer/index.tsx","statementMap":{"0":{"start":{"line":6,"column":24},"end":{"line":6,"column":null}},"1":{"start":{"line":8,"column":15},"end":{"line":83,"column":null}},"2":{"start":{"line":9,"column":2},"end":{"line":77,"column":null}}},"fnMap":{"0":{"name":"(anonymous_0)","decl":{"start":{"line":8,"column":15},"end":{"line":8,"column":null}},"loc":{"start":{"line":8,"column":15},"end":{"line":83,"column":null}}}},"branchMap":{},"s":{"0":0,"1":0,"2":0},"f":{"0":0},"b":{}}
,"/Users/MM7V26R293/Documents/Personal Project/nft/vite-config/src/components/molecules/FormFilter/index.tsx": {"path":"/Users/MM7V26R293/Documents/Personal Project/nft/vite-config/src/components/molecules/FormFilter/index.tsx","statementMap":{"0":{"start":{"line":120,"column":0},"end":{"line":120,"column":15}},"1":{"start":{"line":1,"column":37},"end":{"line":1,"column":null}},"2":{"start":{"line":3,"column":62},"end":{"line":3,"column":null}},"3":{"start":{"line":4,"column":19},"end":{"line":4,"column":null}},"4":{"start":{"line":6,"column":35},"end":{"line":6,"column":null}},"5":{"start":{"line":7,"column":65},"end":{"line":7,"column":null}},"6":{"start":{"line":9,"column":21},"end":{"line":9,"column":null}},"7":{"start":{"line":18,"column":22},"end":{"line":18,"column":null}},"8":{"start":{"line":31,"column":19},"end":{"line":118,"column":null}},"9":{"start":{"line":32,"column":53},"end":{"line":34,"column":null}},"10":{"start":{"line":33,"column":4},"end":{"line":33,"column":null}},"11":{"start":{"line":36,"column":28},"end":{"line":39,"column":null}},"12":{"start":{"line":37,"column":4},"end":{"line":37,"column":null}},"13":{"start":{"line":38,"column":4},"end":{"line":38,"column":null}},"14":{"start":{"line":41,"column":2},"end":{"line":111,"column":null}},"15":{"start":{"line":69,"column":34},"end":{"line":69,"column":48}},"16":{"start":{"line":120,"column":15},"end":{"line":120,"column":null}}},"fnMap":{"0":{"name":"(anonymous_6)","decl":{"start":{"line":31,"column":19},"end":{"line":31,"column":20}},"loc":{"start":{"line":31,"column":65},"end":{"line":118,"column":null}}},"1":{"name":"(anonymous_7)","decl":{"start":{"line":32,"column":53},"end":{"line":32,"column":54}},"loc":{"start":{"line":32,"column":54},"end":{"line":34,"column":null}}},"2":{"name":"(anonymous_8)","decl":{"start":{"line":36,"column":28},"end":{"line":36,"column":null}},"loc":{"start":{"line":36,"column":28},"end":{"line":39,"column":null}}},"3":{"name":"(anonymous_9)","decl":{"start":{"line":69,"column":23},"end":{"line":69,"column":24}},"loc":{"start":{"line":69,"column":34},"end":{"line":69,"column":48}}}},"branchMap":{},"s":{"0":9,"1":2,"2":2,"3":2,"4":2,"5":2,"6":2,"7":2,"8":2,"9":9,"10":2,"11":9,"12":1,"13":1,"14":9,"15":0,"16":2},"f":{"0":9,"1":2,"2":1,"3":0},"b":{}}
,"/Users/MM7V26R293/Documents/Personal Project/nft/vite-config/src/components/molecules/Header/index.tsx": {"path":"/Users/MM7V26R293/Documents/Personal Project/nft/vite-config/src/components/molecules/Header/index.tsx","statementMap":{"0":{"start":{"line":11,"column":18},"end":{"line":18,"column":null}},"1":{"start":{"line":20,"column":30},"end":{"line":20,"column":null}},"2":{"start":{"line":26,"column":40},"end":{"line":35,"column":null}},"3":{"start":{"line":27,"column":2},"end":{"line":35,"column":null}},"4":{"start":{"line":29,"column":6},"end":{"line":35,"column":null}},"5":{"start":{"line":32,"column":37},"end":{"line":32,"column":null}},"6":{"start":{"line":41,"column":15},"end":{"line":76,"column":null}},"7":{"start":{"line":42,"column":27},"end":{"line":42,"column":null}},"8":{"start":{"line":43,"column":44},"end":{"line":43,"column":null}},"9":{"start":{"line":44,"column":23},"end":{"line":44,"column":null}},"10":{"start":{"line":44,"column":29},"end":{"line":44,"column":null}}},"fnMap":{"0":{"name":"(anonymous_0)","decl":{"start":{"line":26,"column":40},"end":{"line":26,"column":41}},"loc":{"start":{"line":27,"column":2},"end":{"line":35,"column":null}}},"1":{"name":"(anonymous_1)","decl":{"start":{"line":28,"column":19},"end":{"line":28,"column":20}},"loc":{"start":{"line":29,"column":6},"end":{"line":35,"column":null}}},"2":{"name":"(anonymous_2)","decl":{"start":{"line":32,"column":19},"end":{"line":32,"column":20}},"loc":{"start":{"line":32,"column":37},"end":{"line":32,"column":null}}},"3":{"name":"(anonymous_3)","decl":{"start":{"line":41,"column":15},"end":{"line":41,"column":null}},"loc":{"start":{"line":41,"column":15},"end":{"line":76,"column":null}}},"4":{"name":"(anonymous_4)","decl":{"start":{"line":44,"column":23},"end":{"line":44,"column":29}},"loc":{"start":{"line":44,"column":29},"end":{"line":44,"column":null}}}},"branchMap":{"0":{"loc":{"start":{"line":49,"column":9},"end":{"line":64,"column":null}},"type":"cond-expr","locations":[{"start":{"line":50,"column":10},"end":{"line":64,"column":11}},{"start":{"line":64,"column":10},"end":{"line":64,"column":null}}]}},"s":{"0":0,"1":0,"2":0,"3":0,"4":0,"5":0,"6":0,"7":0,"8":0,"9":0,"10":0},"f":{"0":0,"1":0,"2":0,"3":0,"4":0},"b":{"0":[0,0]}}
,"/Users/MM7V26R293/Documents/Personal Project/nft/vite-config/src/components/molecules/ProductCard/index.tsx": {"path":"/Users/MM7V26R293/Documents/Personal Project/nft/vite-config/src/components/molecules/ProductCard/index.tsx","statementMap":{"0":{"start":{"line":87,"column":0},"end":{"line":87,"column":15}},"1":{"start":{"line":1,"column":54},"end":{"line":1,"column":null}},"2":{"start":{"line":2,"column":30},"end":{"line":2,"column":null}},"3":{"start":{"line":4,"column":48},"end":{"line":4,"column":null}},"4":{"start":{"line":5,"column":28},"end":{"line":5,"column":null}},"5":{"start":{"line":7,"column":17},"end":{"line":7,"column":21}},"6":{"start":{"line":37,"column":20},"end":{"line":85,"column":null}},"7":{"start":{"line":87,"column":15},"end":{"line":87,"column":null}}},"fnMap":{"0":{"name":"(anonymous_6)","decl":{"start":{"line":37,"column":20},"end":{"line":37,"column":21}},"loc":{"start":{"line":37,"column":51},"end":{"line":85,"column":null}}}},"branchMap":{},"s":{"0":9,"1":3,"2":3,"3":3,"4":3,"5":3,"6":3,"7":3},"f":{"0":9},"b":{}}
,"/Users/MM7V26R293/Documents/Personal Project/nft/vite-config/src/components/molecules/ProductCategory/index.tsx": {"path":"/Users/MM7V26R293/Documents/Personal Project/nft/vite-config/src/components/molecules/ProductCategory/index.tsx","statementMap":{"0":{"start":{"line":44,"column":0},"end":{"line":44,"column":15}},"1":{"start":{"line":1,"column":32},"end":{"line":1,"column":null}},"2":{"start":{"line":3,"column":34},"end":{"line":3,"column":null}},"3":{"start":{"line":4,"column":23},"end":{"line":4,"column":null}},"4":{"start":{"line":5,"column":29},"end":{"line":5,"column":null}},"5":{"start":{"line":6,"column":17},"end":{"line":6,"column":null}},"6":{"start":{"line":7,"column":21},"end":{"line":7,"column":null}},"7":{"start":{"line":13,"column":24},"end":{"line":42,"column":null}},"8":{"start":{"line":19,"column":30},"end":{"line":19,"column":null}},"9":{"start":{"line":22,"column":53},"end":{"line":25,"column":null}},"10":{"start":{"line":44,"column":15},"end":{"line":44,"column":null}}},"fnMap":{"0":{"name":"(anonymous_2)","decl":{"start":{"line":13,"column":24},"end":{"line":13,"column":25}},"loc":{"start":{"line":13,"column":82},"end":{"line":42,"column":null}}},"1":{"name":"(anonymous_3)","decl":{"start":{"line":19,"column":16},"end":{"line":19,"column":17}},"loc":{"start":{"line":19,"column":30},"end":{"line":19,"column":null}}},"2":{"name":"(anonymous_4)","decl":{"start":{"line":22,"column":30},"end":{"line":22,"column":31}},"loc":{"start":{"line":22,"column":53},"end":{"line":25,"column":null}}}},"branchMap":{},"s":{"0":8,"1":2,"2":2,"3":2,"4":2,"5":2,"6":2,"7":2,"8":1,"9":80,"10":2},"f":{"0":8,"1":1,"2":80},"b":{}}
,"/Users/MM7V26R293/Documents/Personal Project/nft/vite-config/src/components/molecules/ProductList/index.tsx": {"path":"/Users/MM7V26R293/Documents/Personal Project/nft/vite-config/src/components/molecules/ProductList/index.tsx","statementMap":{"0":{"start":{"line":62,"column":0},"end":{"line":62,"column":15}},"1":{"start":{"line":1,"column":34},"end":{"line":1,"column":null}},"2":{"start":{"line":2,"column":19},"end":{"line":2,"column":null}},"3":{"start":{"line":4,"column":30},"end":{"line":4,"column":null}},"4":{"start":{"line":5,"column":21},"end":{"line":5,"column":null}},"5":{"start":{"line":7,"column":24},"end":{"line":7,"column":null}},"6":{"start":{"line":8,"column":23},"end":{"line":8,"column":null}},"7":{"start":{"line":17,"column":20},"end":{"line":60,"column":null}},"8":{"start":{"line":18,"column":18},"end":{"line":18,"column":null}},"9":{"start":{"line":20,"column":2},"end":{"line":52,"column":null}},"10":{"start":{"line":62,"column":15},"end":{"line":62,"column":null}}},"fnMap":{"0":{"name":"(anonymous_2)","decl":{"start":{"line":17,"column":20},"end":{"line":17,"column":21}},"loc":{"start":{"line":17,"column":77},"end":{"line":60,"column":null}}},"1":{"name":"(anonymous_3)","decl":{"start":{"line":34,"column":24},"end":{"line":34,"column":25}},"loc":{"start":{"line":34,"column":25},"end":{"line":36,"column":null}}}},"branchMap":{"0":{"loc":{"start":{"line":22,"column":7},"end":{"line":44,"column":8}},"type":"cond-expr","locations":[{"start":{"line":23,"column":8},"end":{"line":27,"column":null}},{"start":{"line":27,"column":8},"end":{"line":44,"column":8}}]},"1":{"loc":{"start":{"line":28,"column":11},"end":{"line":44,"column":8}},"type":"cond-expr","locations":[{"start":{"line":29,"column":12},"end":{"line":36,"column":null}},{"start":{"line":39,"column":12},"end":{"line":44,"column":8}}]},"2":{"loc":{"start":{"line":44,"column":7},"end":{"line":52,"column":null}},"type":"binary-expr","locations":[{"start":{"line":44,"column":7},"end":{"line":44,"column":19}},{"start":{"line":44,"column":19},"end":{"line":44,"column":null}},{"start":{"line":45,"column":8},"end":{"line":52,"column":null}}]}},"s":{"0":10,"1":2,"2":2,"3":2,"4":2,"5":2,"6":2,"7":2,"8":10,"9":10,"10":2},"f":{"0":10,"1":8},"b":{"0":[1,9],"1":[8,1],"2":[10,8,8]}}
,"/Users/MM7V26R293/Documents/Personal Project/nft/vite-config/src/components/pages/Marketplace/index.tsx": {"path":"/Users/MM7V26R293/Documents/Personal Project/nft/vite-config/src/components/pages/Marketplace/index.tsx","statementMap":{"0":{"start":{"line":33,"column":0},"end":{"line":33,"column":15}},"1":{"start":{"line":1,"column":37},"end":{"line":1,"column":null}},"2":{"start":{"line":2,"column":23},"end":{"line":2,"column":null}},"3":{"start":{"line":3,"column":23},"end":{"line":3,"column":null}},"4":{"start":{"line":4,"column":30},"end":{"line":4,"column":null}},"5":{"start":{"line":5,"column":24},"end":{"line":5,"column":null}},"6":{"start":{"line":6,"column":28},"end":{"line":6,"column":null}},"7":{"start":{"line":7,"column":23},"end":{"line":7,"column":null}},"8":{"start":{"line":10,"column":20},"end":{"line":31,"column":null}},"9":{"start":{"line":11,"column":17},"end":{"line":11,"column":null}},"10":{"start":{"line":12,"column":65},"end":{"line":12,"column":null}},"11":{"start":{"line":33,"column":15},"end":{"line":33,"column":null}}},"fnMap":{"0":{"name":"(anonymous_2)","decl":{"start":{"line":10,"column":20},"end":{"line":10,"column":null}},"loc":{"start":{"line":10,"column":20},"end":{"line":31,"column":null}}}},"branchMap":{},"s":{"0":6,"1":1,"2":1,"3":1,"4":1,"5":1,"6":1,"7":1,"8":1,"9":6,"10":6,"11":1},"f":{"0":6},"b":{}}
,"/Users/MM7V26R293/Documents/Personal Project/nft/vite-config/src/components/pages/Marketplace/hooks/useActions.ts": {"path":"/Users/MM7V26R293/Documents/Personal Project/nft/vite-config/src/components/pages/Marketplace/hooks/useActions.ts","statementMap":{"0":{"start":{"line":134,"column":0},"end":{"line":134,"column":15}},"1":{"start":{"line":2,"column":59},"end":{"line":2,"column":null}},"2":{"start":{"line":4,"column":31},"end":{"line":4,"column":null}},"3":{"start":{"line":6,"column":21},"end":{"line":14,"column":null}},"4":{"start":{"line":25,"column":16},"end":{"line":49,"column":null}},"5":{"start":{"line":26,"column":2},"end":{"line":48,"column":null}},"6":{"start":{"line":28,"column":6},"end":{"line":31,"column":null}},"7":{"start":{"line":33,"column":6},"end":{"line":33,"column":null}},"8":{"start":{"line":35,"column":6},"end":{"line":35,"column":null}},"9":{"start":{"line":37,"column":6},"end":{"line":40,"column":null}},"10":{"start":{"line":42,"column":6},"end":{"line":45,"column":null}},"11":{"start":{"line":47,"column":6},"end":{"line":47,"column":null}},"12":{"start":{"line":51,"column":19},"end":{"line":132,"column":null}},"13":{"start":{"line":52,"column":28},"end":{"line":52,"column":null}},"14":{"start":{"line":53,"column":22},"end":{"line":53,"column":null}},"15":{"start":{"line":54,"column":52},"end":{"line":54,"column":null}},"16":{"start":{"line":56,"column":21},"end":{"line":56,"column":null}},"17":{"start":{"line":56,"column":43},"end":{"line":56,"column":null}},"18":{"start":{"line":57,"column":18},"end":{"line":57,"column":null}},"19":{"start":{"line":57,"column":40},"end":{"line":57,"column":null}},"20":{"start":{"line":58,"column":22},"end":{"line":58,"column":null}},"21":{"start":{"line":58,"column":44},"end":{"line":58,"column":null}},"22":{"start":{"line":59,"column":19},"end":{"line":59,"column":null}},"23":{"start":{"line":59,"column":69},"end":{"line":59,"column":null}},"24":{"start":{"line":61,"column":24},"end":{"line":76,"column":null}},"25":{"start":{"line":62,"column":21},"end":{"line":62,"column":null}},"26":{"start":{"line":63,"column":30},"end":{"line":63,"column":null}},"27":{"start":{"line":65,"column":19},"end":{"line":73,"column":null}},"28":{"start":{"line":75,"column":4},"end":{"line":75,"column":null}},"29":{"start":{"line":78,"column":18},"end":{"line":92,"column":null}},"30":{"start":{"line":80,"column":6},"end":{"line":90,"column":null}},"31":{"start":{"line":81,"column":8},"end":{"line":81,"column":null}},"32":{"start":{"line":82,"column":23},"end":{"line":82,"column":null}},"33":{"start":{"line":84,"column":25},"end":{"line":84,"column":null}},"34":{"start":{"line":85,"column":8},"end":{"line":85,"column":null}},"35":{"start":{"line":87,"column":8},"end":{"line":87,"column":null}},"36":{"start":{"line":89,"column":8},"end":{"line":89,"column":null}},"37":{"start":{"line":95,"column":25},"end":{"line":108,"column":null}},"38":{"start":{"line":96,"column":4},"end":{"line":107,"column":null}},"39":{"start":{"line":97,"column":6},"end":{"line":97,"column":null}},"40":{"start":{"line":98,"column":21},"end":{"line":98,"column":null}},"41":{"start":{"line":99,"column":22},"end":{"line":99,"column":null}},"42":{"start":{"line":100,"column":23},"end":{"line":100,"column":null}},"43":{"start":{"line":102,"column":6},"end":{"line":102,"column":null}},"44":{"start":{"line":104,"column":6},"end":{"line":104,"column":null}},"45":{"start":{"line":106,"column":6},"end":{"line":106,"column":null}},"46":{"start":{"line":110,"column":2},"end":{"line":112,"column":null}},"47":{"start":{"line":111,"column":4},"end":{"line":111,"column":null}},"48":{"start":{"line":114,"column":2},"end":{"line":125,"column":null}},"49":{"start":{"line":115,"column":21},"end":{"line":122,"column":null}},"50":{"start":{"line":116,"column":21},"end":{"line":116,"column":null}},"51":{"start":{"line":117,"column":27},"end":{"line":117,"column":46}},"52":{"start":{"line":118,"column":32},"end":{"line":118,"column":95}},"53":{"start":{"line":120,"column":23},"end":{"line":120,"column":null}},"54":{"start":{"line":121,"column":6},"end":{"line":121,"column":null}},"55":{"start":{"line":124,"column":4},"end":{"line":124,"column":null}},"56":{"start":{"line":124,"column":17},"end":{"line":124,"column":null}},"57":{"start":{"line":127,"column":2},"end":{"line":129,"column":null}},"58":{"start":{"line":128,"column":4},"end":{"line":128,"column":null}},"59":{"start":{"line":131,"column":2},"end":{"line":131,"column":null}},"60":{"start":{"line":134,"column":15},"end":{"line":134,"column":null}}},"fnMap":{"0":{"name":"(anonymous_2)","decl":{"start":{"line":25,"column":16},"end":{"line":25,"column":17}},"loc":{"start":{"line":25,"column":32},"end":{"line":49,"column":null}}},"1":{"name":"(anonymous_3)","decl":{"start":{"line":51,"column":19},"end":{"line":51,"column":20}},"loc":{"start":{"line":51,"column":20},"end":{"line":132,"column":null}}},"2":{"name":"(anonymous_4)","decl":{"start":{"line":56,"column":21},"end":{"line":56,"column":22}},"loc":{"start":{"line":56,"column":43},"end":{"line":56,"column":null}}},"3":{"name":"(anonymous_5)","decl":{"start":{"line":57,"column":18},"end":{"line":57,"column":19}},"loc":{"start":{"line":57,"column":40},"end":{"line":57,"column":null}}},"4":{"name":"(anonymous_6)","decl":{"start":{"line":58,"column":22},"end":{"line":58,"column":23}},"loc":{"start":{"line":58,"column":44},"end":{"line":58,"column":null}}},"5":{"name":"(anonymous_7)","decl":{"start":{"line":59,"column":19},"end":{"line":59,"column":20}},"loc":{"start":{"line":59,"column":69},"end":{"line":59,"column":null}}},"6":{"name":"(anonymous_8)","decl":{"start":{"line":61,"column":24},"end":{"line":61,"column":null}},"loc":{"start":{"line":61,"column":24},"end":{"line":76,"column":null}}},"7":{"name":"(anonymous_9)","decl":{"start":{"line":79,"column":4},"end":{"line":79,"column":11}},"loc":{"start":{"line":79,"column":11},"end":{"line":91,"column":null}}},"8":{"name":"(anonymous_10)","decl":{"start":{"line":95,"column":37},"end":{"line":95,"column":null}},"loc":{"start":{"line":95,"column":37},"end":{"line":108,"column":5}}},"9":{"name":"(anonymous_11)","decl":{"start":{"line":110,"column":12},"end":{"line":110,"column":null}},"loc":{"start":{"line":110,"column":12},"end":{"line":112,"column":5}}},"10":{"name":"(anonymous_12)","decl":{"start":{"line":114,"column":12},"end":{"line":114,"column":null}},"loc":{"start":{"line":114,"column":12},"end":{"line":125,"column":5}}},"11":{"name":"(anonymous_13)","decl":{"start":{"line":115,"column":33},"end":{"line":115,"column":null}},"loc":{"start":{"line":115,"column":33},"end":{"line":122,"column":7}}},"12":{"name":"(anonymous_14)","decl":{"start":{"line":124,"column":11},"end":{"line":124,"column":17}},"loc":{"start":{"line":124,"column":17},"end":{"line":124,"column":null}}},"13":{"name":"(anonymous_15)","decl":{"start":{"line":127,"column":12},"end":{"line":127,"column":null}},"loc":{"start":{"line":127,"column":12},"end":{"line":129,"column":5}}}},"branchMap":{"0":{"loc":{"start":{"line":26,"column":2},"end":{"line":48,"column":null}},"type":"switch","locations":[{"start":{"line":27,"column":4},"end":{"line":31,"column":null}},{"start":{"line":32,"column":4},"end":{"line":33,"column":null}},{"start":{"line":34,"column":4},"end":{"line":35,"column":null}},{"start":{"line":36,"column":4},"end":{"line":40,"column":null}},{"start":{"line":41,"column":4},"end":{"line":45,"column":null}},{"start":{"line":46,"column":4},"end":{"line":47,"column":null}}]}},"s":{"0":11,"1":2,"2":2,"3":2,"4":2,"5":13,"6":1,"7":6,"8":2,"9":0,"10":4,"11":0,"12":2,"13":10,"14":10,"15":10,"16":10,"17":6,"18":10,"19":1,"20":10,"21":2,"22":10,"23":4,"24":10,"25":5,"26":5,"27":5,"28":5,"29":10,"30":3,"31":3,"32":3,"33":3,"34":3,"35":0,"36":3,"37":10,"38":1,"39":1,"40":1,"41":1,"42":1,"43":1,"44":0,"45":1,"46":10,"47":10,"48":10,"49":3,"50":1,"51":1,"52":1,"53":1,"54":1,"55":3,"56":3,"57":10,"58":3,"59":10,"60":2},"f":{"0":13,"1":10,"2":6,"3":1,"4":2,"5":4,"6":5,"7":3,"8":1,"9":10,"10":3,"11":1,"12":3,"13":3},"b":{"0":[1,6,2,0,4,0]}}
,"/Users/MM7V26R293/Documents/Personal Project/nft/vite-config/src/constants/index.ts": {"path":"/Users/MM7V26R293/Documents/Personal Project/nft/vite-config/src/constants/index.ts","statementMap":{"0":{"start":{"line":3,"column":13},"end":{"line":3,"column":25}},"1":{"start":{"line":36,"column":13},"end":{"line":36,"column":26}},"2":{"start":{"line":16,"column":13},"end":{"line":16,"column":22}},"3":{"start":{"line":24,"column":13},"end":{"line":24,"column":21}},"4":{"start":{"line":31,"column":13},"end":{"line":31,"column":25}},"5":{"start":{"line":3,"column":38},"end":{"line":14,"column":null}},"6":{"start":{"line":16,"column":35},"end":{"line":22,"column":null}},"7":{"start":{"line":24,"column":34},"end":{"line":29,"column":null}},"8":{"start":{"line":31,"column":28},"end":{"line":34,"column":null}},"9":{"start":{"line":36,"column":29},"end":{"line":39,"column":null}}},"fnMap":{},"branchMap":{},"s":{"0":20,"1":9,"2":9,"3":9,"4":9,"5":3,"6":3,"7":3,"8":3,"9":3},"f":{},"b":{}}
,"/Users/MM7V26R293/Documents/Personal Project/nft/vite-config/src/routes/RoutesConfig.tsx": {"path":"/Users/MM7V26R293/Documents/Personal Project/nft/vite-config/src/routes/RoutesConfig.tsx","statementMap":{"0":{"start":{"line":3,"column":19},"end":{"line":3,"column":null}},"1":{"start":{"line":3,"column":30},"end":{"line":3,"column":null}},"2":{"start":{"line":4,"column":20},"end":{"line":4,"column":null}},"3":{"start":{"line":4,"column":31},"end":{"line":4,"column":null}},"4":{"start":{"line":13,"column":30},"end":{"line":24,"column":null}}},"fnMap":{"0":{"name":"(anonymous_0)","decl":{"start":{"line":3,"column":24},"end":{"line":3,"column":30}},"loc":{"start":{"line":3,"column":30},"end":{"line":3,"column":null}}},"1":{"name":"(anonymous_1)","decl":{"start":{"line":4,"column":25},"end":{"line":4,"column":31}},"loc":{"start":{"line":4,"column":31},"end":{"line":4,"column":null}}}},"branchMap":{},"s":{"0":0,"1":0,"2":0,"3":0,"4":0},"f":{"0":0,"1":0},"b":{}}
,"/Users/MM7V26R293/Documents/Personal Project/nft/vite-config/src/routes/index.tsx": {"path":"/Users/MM7V26R293/Documents/Personal Project/nft/vite-config/src/routes/index.tsx","statementMap":{"0":{"start":{"line":7,"column":15},"end":{"line":33,"column":null}},"1":{"start":{"line":11,"column":60},"end":{"line":11,"column":null}},"2":{"start":{"line":13,"column":8},"end":{"line":25,"column":null}}},"fnMap":{"0":{"name":"(anonymous_0)","decl":{"start":{"line":7,"column":15},"end":{"line":7,"column":null}},"loc":{"start":{"line":7,"column":15},"end":{"line":33,"column":null}}},"1":{"name":"(anonymous_1)","decl":{"start":{"line":10,"column":24},"end":{"line":10,"column":25}},"loc":{"start":{"line":10,"column":25},"end":{"line":28,"column":null}}},"2":{"name":"(anonymous_2)","decl":{"start":{"line":17,"column":26},"end":{"line":17,"column":27}},"loc":{"start":{"line":17,"column":71},"end":{"line":25,"column":null}}}},"branchMap":{"0":{"loc":{"start":{"line":11,"column":36},"end":{"line":11,"column":49}},"type":"default-arg","locations":[{"start":{"line":11,"column":47},"end":{"line":11,"column":49}}]}},"s":{"0":0,"1":0,"2":0},"f":{"0":0,"1":0,"2":0},"b":{"0":[0]}}
,"/Users/MM7V26R293/Documents/Personal Project/nft/vite-config/src/services/httpClient.ts": {"path":"/Users/MM7V26R293/Documents/Personal Project/nft/vite-config/src/services/httpClient.ts","statementMap":{"0":{"start":{"line":5,"column":13},"end":{"line":5,"column":21}},"1":{"start":{"line":38,"column":0},"end":{"line":38,"column":15}},"2":{"start":{"line":1,"column":15},"end":{"line":1,"column":null}},"3":{"start":{"line":3,"column":18},"end":{"line":3,"column":null}},"4":{"start":{"line":5,"column":24},"end":{"line":5,"column":null}},"5":{"start":{"line":7,"column":19},"end":{"line":18,"column":null}},"6":{"start":{"line":10,"column":27},"end":{"line":13,"column":null}},"7":{"start":{"line":12,"column":8},"end":{"line":12,"column":null}},"8":{"start":{"line":16,"column":4},"end":{"line":16,"column":null}},"9":{"start":{"line":20,"column":0},"end":{"line":26,"column":null}},"10":{"start":{"line":22,"column":4},"end":{"line":22,"column":null}},"11":{"start":{"line":25,"column":4},"end":{"line":25,"column":null}},"12":{"start":{"line":29,"column":0},"end":{"line":35,"column":null}},"13":{"start":{"line":31,"column":4},"end":{"line":31,"column":null}},"14":{"start":{"line":34,"column":4},"end":{"line":34,"column":null}},"15":{"start":{"line":38,"column":15},"end":{"line":38,"column":25}}},"fnMap":{"0":{"name":"(anonymous_4)","decl":{"start":{"line":9,"column":20},"end":{"line":9,"column":21}},"loc":{"start":{"line":9,"column":21},"end":{"line":17,"column":null}}},"1":{"name":"(anonymous_5)","decl":{"start":{"line":11,"column":36},"end":{"line":11,"column":37}},"loc":{"start":{"line":11,"column":47},"end":{"line":13,"column":null}}},"2":{"name":"(anonymous_6)","decl":{"start":{"line":21,"column":2},"end":{"line":21,"column":3}},"loc":{"start":{"line":21,"column":3},"end":{"line":23,"column":null}}},"3":{"name":"(anonymous_7)","decl":{"start":{"line":24,"column":2},"end":{"line":24,"column":3}},"loc":{"start":{"line":24,"column":3},"end":{"line":26,"column":null}}},"4":{"name":"(anonymous_8)","decl":{"start":{"line":30,"column":2},"end":{"line":30,"column":3}},"loc":{"start":{"line":30,"column":3},"end":{"line":32,"column":null}}},"5":{"name":"(anonymous_9)","decl":{"start":{"line":33,"column":2},"end":{"line":33,"column":3}},"loc":{"start":{"line":33,"column":3},"end":{"line":35,"column":null}}}},"branchMap":{"0":{"loc":{"start":{"line":12,"column":15},"end":{"line":12,"column":null}},"type":"binary-expr","locations":[{"start":{"line":12,"column":15},"end":{"line":12,"column":38}},{"start":{"line":12,"column":38},"end":{"line":12,"column":null}}]}},"s":{"0":0,"1":0,"2":2,"3":2,"4":2,"5":2,"6":0,"7":0,"8":0,"9":2,"10":0,"11":0,"12":2,"13":0,"14":0,"15":2},"f":{"0":0,"1":0,"2":0,"3":0,"4":0,"5":0},"b":{"0":[0,0]}}
,"/Users/MM7V26R293/Documents/Personal Project/nft/vite-config/src/services/marketplace.service.ts": {"path":"/Users/MM7V26R293/Documents/Personal Project/nft/vite-config/src/services/marketplace.service.ts","statementMap":{"0":{"start":{"line":14,"column":0},"end":{"line":14,"column":15}},"1":{"start":{"line":1,"column":23},"end":{"line":1,"column":null}},"2":{"start":{"line":4,"column":18},"end":{"line":6,"column":null}},"3":{"start":{"line":8,"column":27},"end":{"line":12,"column":null}},"4":{"start":{"line":10,"column":4},"end":{"line":10,"column":null}},"5":{"start":{"line":14,"column":15},"end":{"line":14,"column":null}}},"fnMap":{"0":{"name":"(anonymous_2)","decl":{"start":{"line":9,"column":11},"end":{"line":9,"column":18}},"loc":{"start":{"line":9,"column":18},"end":{"line":11,"column":null}}}},"branchMap":{},"s":{"0":1,"1":2,"2":2,"3":2,"4":0,"5":2},"f":{"0":0},"b":{}}
,"/Users/MM7V26R293/Documents/Personal Project/nft/vite-config/src/utils/test-utils.tsx": {"path":"/Users/MM7V26R293/Documents/Personal Project/nft/vite-config/src/utils/test-utils.tsx","statementMap":{"0":{"start":{"line":11,"column":13},"end":{"line":11,"column":24}},"1":{"start":{"line":33,"column":13},"end":{"line":33,"column":25}},"2":{"start":{"line":56,"column":9},"end":{"line":56,"column":15}},"3":{"start":{"line":1,"column":51},"end":{"line":1,"column":null}},"4":{"start":{"line":6,"column":2},"end":{"line":8,"column":null}},"5":{"start":{"line":11,"column":27},"end":{"line":31,"column":null}},"6":{"start":{"line":33,"column":28},"end":{"line":53,"column":null}}},"fnMap":{"0":{"name":"render","decl":{"start":{"line":5,"column":9},"end":{"line":5,"column":16}},"loc":{"start":{"line":5,"column":74},"end":{"line":9,"column":null}}}},"branchMap":{},"s":{"0":21,"1":2,"2":16,"3":6,"4":16,"5":6,"6":6},"f":{"0":16},"b":{}}
}
