TN:
SF:src/App.tsx
FN:3,App
FNF:1
FNH:0
FNDA:0,App
DA:4,0
LF:1
LH:0
BRF:0
BRH:0
end_of_record
TN:
SF:src/main.tsx
FNF:0
FNH:0
DA:8,0
LF:1
LH:0
BRF:0
BRH:0
end_of_record
TN:
SF:src/components/atoms/AuthorStatusSvg/AuthorStatusSvg.tsx
FN:3,(anonymous_1)
FNF:1
FNH:1
FNDA:9,(anonymous_1)
DA:3,3
DA:4,9
DA:11,9
DA:12,9
DA:39,9
LF:5
LH:5
BRF:0
BRH:0
end_of_record
TN:
SF:src/components/atoms/Button/index.tsx
FN:16,(anonymous_2)
FNF:1
FNH:1
FNDA:26,(anonymous_2)
DA:1,3
DA:2,3
DA:3,3
DA:4,3
DA:7,3
DA:16,3
DA:17,26
DA:19,26
DA:26,26
LF:9
LH:9
BRDA:20,0,0,26
BRDA:20,0,1,9
BRDA:21,1,0,26
BRDA:21,1,1,26
BRF:4
BRH:4
end_of_record
TN:
SF:src/components/layouts/MainLayout/index.tsx
FN:11,(anonymous_0)
FNF:1
FNH:0
FNDA:0,(anonymous_0)
DA:9,0
DA:11,0
DA:12,0
LF:3
LH:0
BRF:0
BRH:0
end_of_record
TN:
SF:src/components/molecules/CoverImage/index.tsx
FN:4,(anonymous_2)
FNF:1
FNH:1
FNDA:6,(anonymous_2)
DA:1,1
DA:2,1
DA:4,1
DA:12,6
LF:4
LH:4
BRF:0
BRH:0
end_of_record
TN:
SF:src/components/molecules/Footer/index.tsx
FN:8,(anonymous_0)
FNF:1
FNH:0
FNDA:0,(anonymous_0)
DA:6,0
DA:8,0
DA:9,0
LF:3
LH:0
BRF:0
BRH:0
end_of_record
TN:
SF:src/components/molecules/FormFilter/index.tsx
FN:30,(anonymous_6)
FN:31,(anonymous_7)
FN:35,(anonymous_8)
FNF:3
FNH:3
FNDA:9,(anonymous_6)
FNDA:2,(anonymous_7)
FNDA:1,(anonymous_8)
DA:1,2
DA:3,2
DA:4,2
DA:6,2
DA:7,2
DA:9,2
DA:17,2
DA:30,2
DA:31,9
DA:32,2
DA:35,9
DA:36,1
DA:37,1
DA:40,9
DA:109,9
LF:15
LH:15
BRF:0
BRH:0
end_of_record
TN:
SF:src/components/molecules/Header/index.tsx
FN:26,(anonymous_0)
FN:28,(anonymous_1)
FN:32,(anonymous_2)
FN:41,(anonymous_3)
FN:44,(anonymous_4)
FNF:5
FNH:0
FNDA:0,(anonymous_0)
FNDA:0,(anonymous_1)
FNDA:0,(anonymous_2)
FNDA:0,(anonymous_3)
FNDA:0,(anonymous_4)
DA:11,0
DA:20,0
DA:26,0
DA:27,0
DA:29,0
DA:32,0
DA:41,0
DA:42,0
DA:43,0
DA:44,0
LF:10
LH:0
BRDA:49,0,0,0
BRDA:49,0,1,0
BRF:2
BRH:0
end_of_record
TN:
SF:src/components/molecules/ProductCard/index.tsx
FN:37,(anonymous_6)
FNF:1
FNH:1
FNDA:9,(anonymous_6)
DA:1,3
DA:2,3
DA:4,3
DA:5,3
DA:7,3
DA:37,3
DA:87,9
LF:7
LH:7
BRF:0
BRH:0
end_of_record
TN:
SF:src/components/molecules/ProductCategory/index.tsx
FN:13,(anonymous_2)
FN:19,(anonymous_3)
FN:22,(anonymous_4)
FNF:3
FNH:3
FNDA:8,(anonymous_2)
FNDA:1,(anonymous_3)
FNDA:80,(anonymous_4)
DA:1,2
DA:3,2
DA:4,2
DA:5,2
DA:6,2
DA:7,2
DA:13,2
DA:19,1
DA:22,80
DA:44,8
LF:10
LH:10
BRF:0
BRH:0
end_of_record
TN:
SF:src/components/molecules/ProductList/index.tsx
FN:17,(anonymous_2)
FN:34,(anonymous_3)
FNF:2
FNH:2
FNDA:10,(anonymous_2)
FNDA:8,(anonymous_3)
DA:1,2
DA:2,2
DA:4,2
DA:5,2
DA:7,2
DA:8,2
DA:17,2
DA:18,10
DA:20,10
DA:62,10
LF:10
LH:10
BRDA:22,0,0,1
BRDA:22,0,1,9
BRDA:28,1,0,8
BRDA:28,1,1,1
BRDA:44,2,0,10
BRDA:44,2,1,8
BRDA:44,2,2,8
BRF:7
BRH:7
end_of_record
TN:
SF:src/components/pages/Marketplace/index.tsx
FN:10,(anonymous_2)
FNF:1
FNH:1
FNDA:6,(anonymous_2)
DA:1,1
DA:2,1
DA:3,1
DA:4,1
DA:5,1
DA:6,1
DA:7,1
DA:10,1
DA:11,6
DA:12,6
DA:33,6
LF:11
LH:11
BRF:0
BRH:0
end_of_record
TN:
SF:src/components/pages/Marketplace/hooks/useActions.ts
FN:25,(anonymous_2)
FN:51,(anonymous_3)
FN:56,(anonymous_4)
FN:57,(anonymous_5)
FN:58,(anonymous_6)
FN:59,(anonymous_7)
FN:61,(anonymous_8)
FN:79,(anonymous_9)
FN:95,(anonymous_10)
FN:110,(anonymous_11)
FN:114,(anonymous_12)
FN:115,(anonymous_13)
FN:124,(anonymous_14)
FN:127,(anonymous_15)
FNF:14
FNH:14
FNDA:13,(anonymous_2)
FNDA:10,(anonymous_3)
FNDA:6,(anonymous_4)
FNDA:1,(anonymous_5)
FNDA:2,(anonymous_6)
FNDA:4,(anonymous_7)
FNDA:5,(anonymous_8)
FNDA:3,(anonymous_9)
FNDA:1,(anonymous_10)
FNDA:10,(anonymous_11)
FNDA:3,(anonymous_12)
FNDA:1,(anonymous_13)
FNDA:3,(anonymous_14)
FNDA:3,(anonymous_15)
DA:2,2
DA:4,2
DA:6,2
DA:25,2
DA:26,13
DA:28,1
DA:33,6
DA:35,2
DA:37,0
DA:42,4
DA:47,0
DA:51,2
DA:52,10
DA:53,10
DA:54,10
DA:56,10
DA:57,10
DA:58,10
DA:59,10
DA:61,10
DA:62,5
DA:63,5
DA:65,5
DA:75,5
DA:78,10
DA:80,3
DA:81,3
DA:82,3
DA:84,3
DA:85,3
DA:87,0
DA:89,3
DA:95,10
DA:96,1
DA:97,1
DA:98,1
DA:99,1
DA:100,1
DA:102,1
DA:104,0
DA:106,1
DA:110,10
DA:111,10
DA:114,10
DA:115,3
DA:116,1
DA:117,1
DA:118,1
DA:120,1
DA:121,1
DA:124,3
DA:127,10
DA:128,3
DA:131,10
DA:134,11
LF:55
LH:51
BRDA:26,0,0,1
BRDA:26,0,1,6
BRDA:26,0,2,2
BRDA:26,0,3,0
BRDA:26,0,4,4
BRDA:26,0,5,0
BRF:6
BRH:4
end_of_record
TN:
SF:src/constants/index.ts
FNF:0
FNH:0
DA:3,20
DA:16,9
DA:24,9
DA:31,9
DA:36,9
LF:5
LH:5
BRF:0
BRH:0
end_of_record
TN:
SF:src/routes/RoutesConfig.tsx
FN:3,(anonymous_0)
FN:4,(anonymous_1)
FNF:2
FNH:0
FNDA:0,(anonymous_0)
FNDA:0,(anonymous_1)
DA:3,0
DA:4,0
DA:13,0
LF:3
LH:0
BRF:0
BRH:0
end_of_record
TN:
SF:src/routes/index.tsx
FN:7,(anonymous_0)
FN:10,(anonymous_1)
FN:17,(anonymous_2)
FNF:3
FNH:0
FNDA:0,(anonymous_0)
FNDA:0,(anonymous_1)
FNDA:0,(anonymous_2)
DA:7,0
DA:11,0
DA:13,0
LF:3
LH:0
BRDA:11,0,0,0
BRF:1
BRH:0
end_of_record
TN:
SF:src/services/httpClient.ts
FN:9,(anonymous_4)
FN:11,(anonymous_5)
FN:21,(anonymous_6)
FN:24,(anonymous_7)
FN:30,(anonymous_8)
FN:33,(anonymous_9)
FNF:6
FNH:0
FNDA:0,(anonymous_4)
FNDA:0,(anonymous_5)
FNDA:0,(anonymous_6)
FNDA:0,(anonymous_7)
FNDA:0,(anonymous_8)
FNDA:0,(anonymous_9)
DA:1,2
DA:3,2
DA:5,2
DA:7,2
DA:10,0
DA:12,0
DA:16,0
DA:20,2
DA:22,0
DA:25,0
DA:29,2
DA:31,0
DA:34,0
DA:38,2
LF:14
LH:7
BRDA:12,0,0,0
BRDA:12,0,1,0
BRF:2
BRH:0
end_of_record
TN:
SF:src/services/marketplace.service.ts
FN:9,(anonymous_2)
FNF:1
FNH:0
FNDA:0,(anonymous_2)
DA:1,2
DA:4,2
DA:8,2
DA:10,0
DA:14,2
LF:5
LH:4
BRF:0
BRH:0
end_of_record
TN:
SF:src/utils/test-utils.tsx
FN:5,render
FNF:1
FNH:1
FNDA:16,render
DA:1,6
DA:6,16
DA:11,21
DA:33,6
DA:56,16
LF:5
LH:5
BRF:0
BRH:0
end_of_record
